<?xml version="1.0" encoding="UTF-8"?>
<testsuite name="com.ebookstore.tests.FilterBookByPriceTest" tests="7" skipped="0" failures="1" errors="0" timestamp="2020-01-25T09:27:37" hostname="admin1-H110M-H" time="169.232">
  <properties/>
  <testcase name="givenMinimumPriceAndMaximumPriceLimit_WhenBooksAvailable_ThenShouldReturnBooksList[0](100, 200)" classname="com.ebookstore.tests.FilterBookByPriceTest" time="7.028"/>
  <testcase name="givenMinimumPriceAndMaximumPriceLimit_WhenBooksAvailable_ThenShouldReturnBooksList[1](, )" classname="com.ebookstore.tests.FilterBookByPriceTest" time="4.36"/>
  <testcase name="givenMinimumPriceAndMaximumPriceLimit_WhenBooksAvailable_ThenShouldReturnBooksList[2](0, 0)" classname="com.ebookstore.tests.FilterBookByPriceTest" time="4.398"/>
  <testcase name="givenMinimumPriceAndMaximumPriceLimit_WhenBooksAvailable_ThenShouldReturnBooksList[3](-100, 200)" classname="com.ebookstore.tests.FilterBookByPriceTest" time="4.437"/>
  <testcase name="givenMinimumPriceAndMaximumPriceLimit_WhenBooksAvailable_ThenShouldReturnBooksList[4](100, -200)" classname="com.ebookstore.tests.FilterBookByPriceTest" time="4.384"/>
  <testcase name="givenMinimumPriceAndMaximumPriceLimit_WhenBooksAvailable_ThenShouldReturnBooksList[5](-100, -200)" classname="com.ebookstore.tests.FilterBookByPriceTest" time="4.381"/>
  <testcase name="givenMinimumPriceAndMaximumPriceLimit_WhenBooksAvailable_ThenShouldReturnBooksList[6](100, 200)" classname="com.ebookstore.tests.FilterBookByPriceTest" time="90.043">
    <failure message="org.openqa.selenium.NoSuchElementException: Unable to locate element: //input[@name='max']&#10;For documentation on this error, please visit: https://www.seleniumhq.org/exceptions/no_such_element.html&#10;Build info: version: '3.141.59', revision: 'e82be7d358', time: '2018-11-14T08:17:03'&#10;System info: host: 'admin1-H110M-H', ip: '127.0.1.1', os.name: 'Linux', os.arch: 'amd64', os.version: '4.15.0-74-generic', java.version: '1.8.0_232'&#10;Driver info: org.openqa.selenium.firefox.FirefoxDriver&#10;Capabilities {acceptInsecureCerts: true, browserName: firefox, browserVersion: 72.0.1, javascriptEnabled: true, moz:accessibilityChecks: false, moz:buildID: 20200107212822, moz:geckodriverVersion: 0.26.0, moz:headless: false, moz:processID: 20213, moz:profile: /tmp/rust_mozprofilexWn74C, moz:shutdownTimeout: 60000, moz:useNonSpecCompliantPointerOrigin: false, moz:webdriverClick: true, pageLoadStrategy: normal, platform: LINUX, platformName: LINUX, platformVersion: 4.15.0-74-generic, rotatable: false, setWindowRect: true, strictFileInteractability: false, timeouts: {implicit: 0, pageLoad: 300000, script: 30000}, unhandledPromptBehavior: dismiss and notify}&#10;Session ID: 94fbef6f-391a-4510-b054-55b8cdeb08a2&#10;*** Element info: {Using=xpath, value=//input[@name='max']}" type="org.openqa.selenium.NoSuchElementException">org.openqa.selenium.NoSuchElementException: Unable to locate element: //input[@name='max']
For documentation on this error, please visit: https://www.seleniumhq.org/exceptions/no_such_element.html
Build info: version: '3.141.59', revision: 'e82be7d358', time: '2018-11-14T08:17:03'
System info: host: 'admin1-H110M-H', ip: '127.0.1.1', os.name: 'Linux', os.arch: 'amd64', os.version: '4.15.0-74-generic', java.version: '1.8.0_232'
Driver info: org.openqa.selenium.firefox.FirefoxDriver
Capabilities {acceptInsecureCerts: true, browserName: firefox, browserVersion: 72.0.1, javascriptEnabled: true, moz:accessibilityChecks: false, moz:buildID: 20200107212822, moz:geckodriverVersion: 0.26.0, moz:headless: false, moz:processID: 20213, moz:profile: /tmp/rust_mozprofilexWn74C, moz:shutdownTimeout: 60000, moz:useNonSpecCompliantPointerOrigin: false, moz:webdriverClick: true, pageLoadStrategy: normal, platform: LINUX, platformName: LINUX, platformVersion: 4.15.0-74-generic, rotatable: false, setWindowRect: true, strictFileInteractability: false, timeouts: {implicit: 0, pageLoad: 300000, script: 30000}, unhandledPromptBehavior: dismiss and notify}
Session ID: 94fbef6f-391a-4510-b054-55b8cdeb08a2
*** Element info: {Using=xpath, value=//input[@name='max']}
	at sun.reflect.NativeConstructorAccessorImpl.newInstance0(Native Method)
	at sun.reflect.NativeConstructorAccessorImpl.newInstance(NativeConstructorAccessorImpl.java:62)
	at sun.reflect.DelegatingConstructorAccessorImpl.newInstance(DelegatingConstructorAccessorImpl.java:45)
	at java.lang.reflect.Constructor.newInstance(Constructor.java:423)
	at org.openqa.selenium.remote.http.W3CHttpResponseCodec.createException(W3CHttpResponseCodec.java:187)
	at org.openqa.selenium.remote.http.W3CHttpResponseCodec.decode(W3CHttpResponseCodec.java:122)
	at org.openqa.selenium.remote.http.W3CHttpResponseCodec.decode(W3CHttpResponseCodec.java:49)
	at org.openqa.selenium.remote.HttpCommandExecutor.execute(HttpCommandExecutor.java:158)
	at org.openqa.selenium.remote.service.DriverCommandExecutor.execute(DriverCommandExecutor.java:83)
	at org.openqa.selenium.remote.RemoteWebDriver.execute(RemoteWebDriver.java:552)
	at org.openqa.selenium.remote.RemoteWebDriver.findElement(RemoteWebDriver.java:323)
	at org.openqa.selenium.remote.RemoteWebDriver.findElementByXPath(RemoteWebDriver.java:428)
	at org.openqa.selenium.By$ByXPath.findElement(By.java:353)
	at org.openqa.selenium.remote.RemoteWebDriver.findElement(RemoteWebDriver.java:315)
	at org.openqa.selenium.support.pagefactory.DefaultElementLocator.findElement(DefaultElementLocator.java:69)
	at org.openqa.selenium.support.pagefactory.internal.LocatingElementHandler.invoke(LocatingElementHandler.java:38)
	at com.sun.proxy.$Proxy14.sendKeys(Unknown Source)
	at com.ebookstore.pages.FilterBookByPricePage.setMaximumLimit(FilterBookByPricePage.java:35)
	at com.ebookstore.tests.FilterBookByPriceTest.givenMinimumPriceAndMaximumPriceLimit_WhenBooksAvailable_ThenShouldReturnBooksList(FilterBookByPriceTest.java:39)
	at sun.reflect.NativeMethodAccessorImpl.invoke0(Native Method)
	at sun.reflect.NativeMethodAccessorImpl.invoke(NativeMethodAccessorImpl.java:62)
	at sun.reflect.DelegatingMethodAccessorImpl.invoke(DelegatingMethodAccessorImpl.java:43)
	at java.lang.reflect.Method.invoke(Method.java:498)
	at org.testng.internal.MethodInvocationHelper.invokeMethod(MethodInvocationHelper.java:133)
	at org.testng.internal.TestInvoker.invokeMethod(TestInvoker.java:584)
	at org.testng.internal.TestInvoker.invokeTestMethod(TestInvoker.java:172)
	at org.testng.internal.MethodRunner.runInSequence(MethodRunner.java:46)
	at org.testng.internal.TestInvoker$MethodInvocationAgent.invoke(TestInvoker.java:804)
	at org.testng.internal.TestInvoker.invokeTestMethods(TestInvoker.java:145)
	at org.testng.internal.TestMethodWorker.invokeTestMethods(TestMethodWorker.java:146)
	at org.testng.internal.TestMethodWorker.run(TestMethodWorker.java:128)
	at java.util.ArrayList.forEach(ArrayList.java:1257)
	at org.testng.TestRunner.privateRun(TestRunner.java:770)
	at org.testng.TestRunner.run(TestRunner.java:591)
	at org.testng.SuiteRunner.runTest(SuiteRunner.java:402)
	at org.testng.SuiteRunner.runSequentially(SuiteRunner.java:396)
	at org.testng.SuiteRunner.privateRun(SuiteRunner.java:355)
	at org.testng.SuiteRunner.run(SuiteRunner.java:304)
	at org.testng.SuiteRunnerWorker.runSuite(SuiteRunnerWorker.java:53)
	at org.testng.SuiteRunnerWorker.run(SuiteRunnerWorker.java:96)
	at org.testng.TestNG.runSuitesSequentially(TestNG.java:1180)
	at org.testng.TestNG.runSuitesLocally(TestNG.java:1102)
	at org.testng.TestNG.runSuites(TestNG.java:1032)
	at org.testng.TestNG.run(TestNG.java:1000)
	at org.gradle.api.internal.tasks.testing.testng.TestNGTestClassProcessor.runTests(TestNGTestClassProcessor.java:141)
	at org.gradle.api.internal.tasks.testing.testng.TestNGTestClassProcessor.stop(TestNGTestClassProcessor.java:90)
	at org.gradle.api.internal.tasks.testing.SuiteTestClassProcessor.stop(SuiteTestClassProcessor.java:61)
	at sun.reflect.NativeMethodAccessorImpl.invoke0(Native Method)
	at sun.reflect.NativeMethodAccessorImpl.invoke(NativeMethodAccessorImpl.java:62)
	at sun.reflect.DelegatingMethodAccessorImpl.invoke(DelegatingMethodAccessorImpl.java:43)
	at java.lang.reflect.Method.invoke(Method.java:498)
	at org.gradle.internal.dispatch.ReflectionDispatch.dispatch(ReflectionDispatch.java:35)
	at org.gradle.internal.dispatch.ReflectionDispatch.dispatch(ReflectionDispatch.java:24)
	at org.gradle.internal.dispatch.ContextClassLoaderDispatch.dispatch(ContextClassLoaderDispatch.java:32)
	at org.gradle.internal.dispatch.ProxyDispatchAdapter$DispatchingInvocationHandler.invoke(ProxyDispatchAdapter.java:93)
	at com.sun.proxy.$Proxy2.stop(Unknown Source)
	at org.gradle.api.internal.tasks.testing.worker.TestWorker.stop(TestWorker.java:132)
	at sun.reflect.NativeMethodAccessorImpl.invoke0(Native Method)
	at sun.reflect.NativeMethodAccessorImpl.invoke(NativeMethodAccessorImpl.java:62)
	at sun.reflect.DelegatingMethodAccessorImpl.invoke(DelegatingMethodAccessorImpl.java:43)
	at java.lang.reflect.Method.invoke(Method.java:498)
	at org.gradle.internal.dispatch.ReflectionDispatch.dispatch(ReflectionDispatch.java:35)
	at org.gradle.internal.dispatch.ReflectionDispatch.dispatch(ReflectionDispatch.java:24)
	at org.gradle.internal.remote.internal.hub.MessageHubBackedObjectConnection$DispatchWrapper.dispatch(MessageHubBackedObjectConnection.java:175)
	at org.gradle.internal.remote.internal.hub.MessageHubBackedObjectConnection$DispatchWrapper.dispatch(MessageHubBackedObjectConnection.java:157)
	at org.gradle.internal.remote.internal.hub.MessageHub$Handler.run(MessageHub.java:404)
	at org.gradle.internal.concurrent.ExecutorPolicy$CatchAndRecordFailures.onExecute(ExecutorPolicy.java:63)
	at org.gradle.internal.concurrent.ManagedExecutorImpl$1.run(ManagedExecutorImpl.java:46)
	at java.util.concurrent.ThreadPoolExecutor.runWorker(ThreadPoolExecutor.java:1149)
	at java.util.concurrent.ThreadPoolExecutor$Worker.run(ThreadPoolExecutor.java:624)
	at org.gradle.internal.concurrent.ThreadFactoryImpl$ManagedThreadRunnable.run(ThreadFactoryImpl.java:55)
	at java.lang.Thread.run(Thread.java:748)
</failure>
  </testcase>
  <system-out><![CDATA[01-25-2020 14:57:20 FilterBookByPriceTest.java INFO  [Test worker] base.BaseClass 27 - initialized driver and object of FilterBookPage is created
01-25-2020 14:57:36 BaseClass.java INFO  [Test worker] base.BaseClass 38 - config properties file is loaded
01-25-2020 14:57:37 FilterBookByPriceTest.java INFO  [Test worker] base.BaseClass 30 - initialized driver and object of FilterBookPage is created
200+++++++++++++++100
01-25-2020 14:57:37 FilterBookByPriceTest.java INFO  [Test worker] base.BaseClass 36 - ****filterbook test script started****
01-25-2020 14:57:41 FilterBookByPriceTest.java INFO  [Test worker] base.BaseClass 38 - set min limit
01-25-2020 14:57:43 FilterBookByPriceTest.java INFO  [Test worker] base.BaseClass 40 - set max limit 
01-25-2020 14:57:44 FilterBookByPriceTest.java INFO  [Test worker] base.BaseClass 42 - clicked on filter
01-25-2020 14:57:44 FilterBookByPriceTest.java INFO  [Test worker] base.BaseClass 43 - filterbook test script is completed
01-25-2020 14:57:46 FilterBookByPriceTest.java INFO  [Test worker] base.BaseClass 27 - initialized driver and object of FilterBookPage is created
01-25-2020 14:57:51 BaseClass.java INFO  [Test worker] base.BaseClass 38 - config properties file is loaded
01-25-2020 14:57:51 FilterBookByPriceTest.java INFO  [Test worker] base.BaseClass 30 - initialized driver and object of FilterBookPage is created
+++++++++++++++
01-25-2020 14:57:51 FilterBookByPriceTest.java INFO  [Test worker] base.BaseClass 36 - ****filterbook test script started****
01-25-2020 14:57:53 FilterBookByPriceTest.java INFO  [Test worker] base.BaseClass 38 - set min limit
01-25-2020 14:57:55 FilterBookByPriceTest.java INFO  [Test worker] base.BaseClass 40 - set max limit 
01-25-2020 14:57:56 FilterBookByPriceTest.java INFO  [Test worker] base.BaseClass 42 - clicked on filter
01-25-2020 14:57:56 FilterBookByPriceTest.java INFO  [Test worker] base.BaseClass 43 - filterbook test script is completed
01-25-2020 14:57:59 FilterBookByPriceTest.java INFO  [Test worker] base.BaseClass 27 - initialized driver and object of FilterBookPage is created
01-25-2020 14:58:05 BaseClass.java INFO  [Test worker] base.BaseClass 38 - config properties file is loaded
01-25-2020 14:58:05 PoolingHttpClientConnectionManager.java DEBUG [Finalizer] conn.PoolingHttpClientConnectionManager 408 - Connection manager is shutting down
01-25-2020 14:58:05 FilterBookByPriceTest.java INFO  [Test worker] base.BaseClass 30 - initialized driver and object of FilterBookPage is created
01-25-2020 14:58:05 PoolingHttpClientConnectionManager.java DEBUG [Finalizer] conn.PoolingHttpClientConnectionManager 414 - Connection manager shut down
0+++++++++++++++0
01-25-2020 14:58:05 FilterBookByPriceTest.java INFO  [Test worker] base.BaseClass 36 - ****filterbook test script started****
01-25-2020 14:58:07 FilterBookByPriceTest.java INFO  [Test worker] base.BaseClass 38 - set min limit
01-25-2020 14:58:09 FilterBookByPriceTest.java INFO  [Test worker] base.BaseClass 40 - set max limit 
01-25-2020 14:58:09 FilterBookByPriceTest.java INFO  [Test worker] base.BaseClass 42 - clicked on filter
01-25-2020 14:58:09 FilterBookByPriceTest.java INFO  [Test worker] base.BaseClass 43 - filterbook test script is completed
01-25-2020 14:58:12 FilterBookByPriceTest.java INFO  [Test worker] base.BaseClass 27 - initialized driver and object of FilterBookPage is created
01-25-2020 14:58:17 BaseClass.java INFO  [Test worker] base.BaseClass 38 - config properties file is loaded
01-25-2020 14:58:17 FilterBookByPriceTest.java INFO  [Test worker] base.BaseClass 30 - initialized driver and object of FilterBookPage is created
200+++++++++++++++-100
01-25-2020 14:58:17 FilterBookByPriceTest.java INFO  [Test worker] base.BaseClass 36 - ****filterbook test script started****
01-25-2020 14:58:19 FilterBookByPriceTest.java INFO  [Test worker] base.BaseClass 38 - set min limit
01-25-2020 14:58:21 FilterBookByPriceTest.java INFO  [Test worker] base.BaseClass 40 - set max limit 
01-25-2020 14:58:21 FilterBookByPriceTest.java INFO  [Test worker] base.BaseClass 42 - clicked on filter
01-25-2020 14:58:21 FilterBookByPriceTest.java INFO  [Test worker] base.BaseClass 43 - filterbook test script is completed
01-25-2020 14:58:25 FilterBookByPriceTest.java INFO  [Test worker] base.BaseClass 27 - initialized driver and object of FilterBookPage is created
01-25-2020 14:58:25 PoolingHttpClientConnectionManager.java DEBUG [Finalizer] conn.PoolingHttpClientConnectionManager 408 - Connection manager is shutting down
01-25-2020 14:58:25 PoolingHttpClientConnectionManager.java DEBUG [Finalizer] conn.PoolingHttpClientConnectionManager 414 - Connection manager shut down
01-25-2020 14:58:30 BaseClass.java INFO  [Test worker] base.BaseClass 38 - config properties file is loaded
01-25-2020 14:58:30 FilterBookByPriceTest.java INFO  [Test worker] base.BaseClass 30 - initialized driver and object of FilterBookPage is created
-200+++++++++++++++100
01-25-2020 14:58:30 FilterBookByPriceTest.java INFO  [Test worker] base.BaseClass 36 - ****filterbook test script started****
01-25-2020 14:58:32 FilterBookByPriceTest.java INFO  [Test worker] base.BaseClass 38 - set min limit
01-25-2020 14:58:34 FilterBookByPriceTest.java INFO  [Test worker] base.BaseClass 40 - set max limit 
01-25-2020 14:58:35 FilterBookByPriceTest.java INFO  [Test worker] base.BaseClass 42 - clicked on filter
01-25-2020 14:58:35 FilterBookByPriceTest.java INFO  [Test worker] base.BaseClass 43 - filterbook test script is completed
01-25-2020 14:58:39 FilterBookByPriceTest.java INFO  [Test worker] base.BaseClass 27 - initialized driver and object of FilterBookPage is created
01-25-2020 14:58:44 BaseClass.java INFO  [Test worker] base.BaseClass 38 - config properties file is loaded
01-25-2020 14:58:44 FilterBookByPriceTest.java INFO  [Test worker] base.BaseClass 30 - initialized driver and object of FilterBookPage is created
-200+++++++++++++++-100
01-25-2020 14:58:44 FilterBookByPriceTest.java INFO  [Test worker] base.BaseClass 36 - ****filterbook test script started****
01-25-2020 14:58:46 FilterBookByPriceTest.java INFO  [Test worker] base.BaseClass 38 - set min limit
01-25-2020 14:58:48 FilterBookByPriceTest.java INFO  [Test worker] base.BaseClass 40 - set max limit 
01-25-2020 14:58:48 FilterBookByPriceTest.java INFO  [Test worker] base.BaseClass 42 - clicked on filter
01-25-2020 14:58:48 FilterBookByPriceTest.java INFO  [Test worker] base.BaseClass 43 - filterbook test script is completed
01-25-2020 14:58:51 FilterBookByPriceTest.java INFO  [Test worker] base.BaseClass 27 - initialized driver and object of FilterBookPage is created
01-25-2020 14:58:56 BaseClass.java INFO  [Test worker] base.BaseClass 38 - config properties file is loaded
01-25-2020 14:58:56 FilterBookByPriceTest.java INFO  [Test worker] base.BaseClass 30 - initialized driver and object of FilterBookPage is created
200+++++++++++++++100
01-25-2020 14:58:56 FilterBookByPriceTest.java INFO  [Test worker] base.BaseClass 36 - ****filterbook test script started****
01-25-2020 14:59:04 FilterBookByPriceTest.java INFO  [Test worker] base.BaseClass 38 - set min limit
01-25-2020 15:00:26 PoolingHttpClientConnectionManager.java DEBUG [Finalizer] conn.PoolingHttpClientConnectionManager 408 - Connection manager is shutting down
01-25-2020 15:00:26 PoolingHttpClientConnectionManager.java DEBUG [Finalizer] conn.PoolingHttpClientConnectionManager 414 - Connection manager shut down
01-25-2020 15:00:26 PoolingHttpClientConnectionManager.java DEBUG [Finalizer] conn.PoolingHttpClientConnectionManager 408 - Connection manager is shutting down
01-25-2020 15:00:26 PoolingHttpClientConnectionManager.java DEBUG [Finalizer] conn.PoolingHttpClientConnectionManager 414 - Connection manager shut down
01-25-2020 15:00:26 PoolingHttpClientConnectionManager.java DEBUG [Finalizer] conn.PoolingHttpClientConnectionManager 408 - Connection manager is shutting down
01-25-2020 15:00:26 PoolingHttpClientConnectionManager.java DEBUG [Finalizer] conn.PoolingHttpClientConnectionManager 414 - Connection manager shut down
]]></system-out>
  <system-err><![CDATA[SLF4J: Failed to load class "org.slf4j.impl.StaticLoggerBinder".
SLF4J: Defaulting to no-operation (NOP) logger implementation
SLF4J: See http://www.slf4j.org/codes.html#StaticLoggerBinder for further details.
1579944443469	mozrunner::runner	INFO	Running command: "/usr/lib/firefox/firefox" "-marionette" "-foreground" "-no-remote" "-profile" "/tmp/rust_mozprofile0v4N1v"
1579944446899	addons.webextension.doh-rollout@mozilla.org	WARN	Loading extension 'doh-rollout@mozilla.org': Reading manifest: Invalid extension permission: networkStatus
1579944447590	addons.webextension.screenshots@mozilla.org	WARN	Loading extension 'screenshots@mozilla.org': Reading manifest: Invalid extension permission: mozillaAddons
1579944447593	addons.webextension.screenshots@mozilla.org	WARN	Loading extension 'screenshots@mozilla.org': Reading manifest: Invalid extension permission: telemetry
1579944447593	addons.webextension.screenshots@mozilla.org	WARN	Loading extension 'screenshots@mozilla.org': Reading manifest: Invalid extension permission: resource://pdf.js/
1579944447593	addons.webextension.screenshots@mozilla.org	WARN	Loading extension 'screenshots@mozilla.org': Reading manifest: Invalid extension permission: about:reader*
1579944453563	Marionette	INFO	Listening on port 36797
1579944453652	Marionette	WARN	TLS certificate errors will be ignored for this session
Jan 25, 2020 2:57:33 PM org.openqa.selenium.remote.ProtocolHandshake createSession
INFO: Detected dialect: W3C
JavaScript error: resource://gre/modules/XULStore.jsm, line 66: Error: Can't find profile directory.
JavaScript error: resource://gre/modules/XULStore.jsm, line 66: Error: Can't find profile directory.
1579944464388	Marionette	INFO	Stopped listening on port 36797
1579944466972	mozrunner::runner	INFO	Running command: "/usr/lib/firefox/firefox" "-marionette" "-foreground" "-no-remote" "-profile" "/tmp/rust_mozprofileLEkMc0"
1579944467620	addons.webextension.doh-rollout@mozilla.org	WARN	Loading extension 'doh-rollout@mozilla.org': Reading manifest: Invalid extension permission: networkStatus
1579944467732	addons.webextension.screenshots@mozilla.org	WARN	Loading extension 'screenshots@mozilla.org': Reading manifest: Invalid extension permission: mozillaAddons
1579944467732	addons.webextension.screenshots@mozilla.org	WARN	Loading extension 'screenshots@mozilla.org': Reading manifest: Invalid extension permission: telemetry
1579944467732	addons.webextension.screenshots@mozilla.org	WARN	Loading extension 'screenshots@mozilla.org': Reading manifest: Invalid extension permission: resource://pdf.js/
1579944467733	addons.webextension.screenshots@mozilla.org	WARN	Loading extension 'screenshots@mozilla.org': Reading manifest: Invalid extension permission: about:reader*
1579944469831	Marionette	INFO	Listening on port 40807
1579944469880	Marionette	WARN	TLS certificate errors will be ignored for this session
Jan 25, 2020 2:57:49 PM org.openqa.selenium.remote.ProtocolHandshake createSession
INFO: Detected dialect: W3C
JavaScript error: resource://gre/modules/XULStore.jsm, line 66: Error: Can't find profile directory.
JavaScript error: resource://gre/modules/XULStore.jsm, line 66: Error: Can't find profile directory.
1579944476192	Marionette	INFO	Stopped listening on port 40807
1579944479991	mozrunner::runner	INFO	Running command: "/usr/lib/firefox/firefox" "-marionette" "-foreground" "-no-remote" "-profile" "/tmp/rust_mozprofileyAoM1w"
1579944480511	addons.webextension.doh-rollout@mozilla.org	WARN	Loading extension 'doh-rollout@mozilla.org': Reading manifest: Invalid extension permission: networkStatus
1579944480620	addons.webextension.screenshots@mozilla.org	WARN	Loading extension 'screenshots@mozilla.org': Reading manifest: Invalid extension permission: mozillaAddons
1579944480623	addons.webextension.screenshots@mozilla.org	WARN	Loading extension 'screenshots@mozilla.org': Reading manifest: Invalid extension permission: telemetry
1579944480623	addons.webextension.screenshots@mozilla.org	WARN	Loading extension 'screenshots@mozilla.org': Reading manifest: Invalid extension permission: resource://pdf.js/
1579944480623	addons.webextension.screenshots@mozilla.org	WARN	Loading extension 'screenshots@mozilla.org': Reading manifest: Invalid extension permission: about:reader*
1579944482436	Marionette	INFO	Listening on port 38421
1579944482505	Marionette	WARN	TLS certificate errors will be ignored for this session
Jan 25, 2020 2:58:02 PM org.openqa.selenium.remote.ProtocolHandshake createSession
INFO: Detected dialect: W3C
JavaScript error: resource://gre/modules/XULStore.jsm, line 66: Error: Can't find profile directory.
JavaScript error: resource://gre/modules/XULStore.jsm, line 66: Error: Can't find profile directory.
1579944489891	Marionette	INFO	Stopped listening on port 38421
1579944492664	mozrunner::runner	INFO	Running command: "/usr/lib/firefox/firefox" "-marionette" "-foreground" "-no-remote" "-profile" "/tmp/rust_mozprofileCRLOtl"
1579944493207	addons.webextension.doh-rollout@mozilla.org	WARN	Loading extension 'doh-rollout@mozilla.org': Reading manifest: Invalid extension permission: networkStatus
1579944493317	addons.webextension.screenshots@mozilla.org	WARN	Loading extension 'screenshots@mozilla.org': Reading manifest: Invalid extension permission: mozillaAddons
1579944493317	addons.webextension.screenshots@mozilla.org	WARN	Loading extension 'screenshots@mozilla.org': Reading manifest: Invalid extension permission: telemetry
1579944493317	addons.webextension.screenshots@mozilla.org	WARN	Loading extension 'screenshots@mozilla.org': Reading manifest: Invalid extension permission: resource://pdf.js/
1579944493317	addons.webextension.screenshots@mozilla.org	WARN	Loading extension 'screenshots@mozilla.org': Reading manifest: Invalid extension permission: about:reader*
1579944495286	Marionette	INFO	Listening on port 46605
1579944495375	Marionette	WARN	TLS certificate errors will be ignored for this session
Jan 25, 2020 2:58:15 PM org.openqa.selenium.remote.ProtocolHandshake createSession
INFO: Detected dialect: W3C
JavaScript error: resource://gre/modules/XULStore.jsm, line 66: Error: Can't find profile directory.
JavaScript error: resource://gre/modules/XULStore.jsm, line 66: Error: Can't find profile directory.
1579944502026	Marionette	INFO	Stopped listening on port 46605
1579944505933	mozrunner::runner	INFO	Running command: "/usr/lib/firefox/firefox" "-marionette" "-foreground" "-no-remote" "-profile" "/tmp/rust_mozprofile5bDC6T"
1579944506522	addons.webextension.doh-rollout@mozilla.org	WARN	Loading extension 'doh-rollout@mozilla.org': Reading manifest: Invalid extension permission: networkStatus
1579944506632	addons.webextension.screenshots@mozilla.org	WARN	Loading extension 'screenshots@mozilla.org': Reading manifest: Invalid extension permission: mozillaAddons
1579944506635	addons.webextension.screenshots@mozilla.org	WARN	Loading extension 'screenshots@mozilla.org': Reading manifest: Invalid extension permission: telemetry
1579944506635	addons.webextension.screenshots@mozilla.org	WARN	Loading extension 'screenshots@mozilla.org': Reading manifest: Invalid extension permission: resource://pdf.js/
1579944506635	addons.webextension.screenshots@mozilla.org	WARN	Loading extension 'screenshots@mozilla.org': Reading manifest: Invalid extension permission: about:reader*
1579944508556	Marionette	INFO	Listening on port 36455
1579944508643	Marionette	WARN	TLS certificate errors will be ignored for this session
Jan 25, 2020 2:58:28 PM org.openqa.selenium.remote.ProtocolHandshake createSession
INFO: Detected dialect: W3C
JavaScript error: resource://gre/modules/XULStore.jsm, line 66: Error: Can't find profile directory.
JavaScript error: resource://gre/modules/XULStore.jsm, line 66: Error: Can't find profile directory.
1579944515354	Marionette	INFO	Stopped listening on port 36455
1579944519422	mozrunner::runner	INFO	Running command: "/usr/lib/firefox/firefox" "-marionette" "-foreground" "-no-remote" "-profile" "/tmp/rust_mozprofileybzTM4"
1579944519986	addons.webextension.doh-rollout@mozilla.org	WARN	Loading extension 'doh-rollout@mozilla.org': Reading manifest: Invalid extension permission: networkStatus
1579944520098	addons.webextension.screenshots@mozilla.org	WARN	Loading extension 'screenshots@mozilla.org': Reading manifest: Invalid extension permission: mozillaAddons
1579944520098	addons.webextension.screenshots@mozilla.org	WARN	Loading extension 'screenshots@mozilla.org': Reading manifest: Invalid extension permission: telemetry
1579944520098	addons.webextension.screenshots@mozilla.org	WARN	Loading extension 'screenshots@mozilla.org': Reading manifest: Invalid extension permission: resource://pdf.js/
1579944520098	addons.webextension.screenshots@mozilla.org	WARN	Loading extension 'screenshots@mozilla.org': Reading manifest: Invalid extension permission: about:reader*
1579944522137	Marionette	INFO	Listening on port 43165
1579944522239	Marionette	WARN	TLS certificate errors will be ignored for this session
Jan 25, 2020 2:58:42 PM org.openqa.selenium.remote.ProtocolHandshake createSession
INFO: Detected dialect: W3C
JavaScript error: resource://gre/modules/XULStore.jsm, line 66: Error: Can't find profile directory.
JavaScript error: resource://gre/modules/XULStore.jsm, line 66: Error: Can't find profile directory.
1579944528827	Marionette	INFO	Stopped listening on port 43165
1579944531598	mozrunner::runner	INFO	Running command: "/usr/lib/firefox/firefox" "-marionette" "-foreground" "-no-remote" "-profile" "/tmp/rust_mozprofilexWn74C"
1579944532192	addons.webextension.doh-rollout@mozilla.org	WARN	Loading extension 'doh-rollout@mozilla.org': Reading manifest: Invalid extension permission: networkStatus
1579944532303	addons.webextension.screenshots@mozilla.org	WARN	Loading extension 'screenshots@mozilla.org': Reading manifest: Invalid extension permission: mozillaAddons
1579944532303	addons.webextension.screenshots@mozilla.org	WARN	Loading extension 'screenshots@mozilla.org': Reading manifest: Invalid extension permission: telemetry
1579944532303	addons.webextension.screenshots@mozilla.org	WARN	Loading extension 'screenshots@mozilla.org': Reading manifest: Invalid extension permission: resource://pdf.js/
1579944532303	addons.webextension.screenshots@mozilla.org	WARN	Loading extension 'screenshots@mozilla.org': Reading manifest: Invalid extension permission: about:reader*
1579944534288	Marionette	INFO	Listening on port 37655
1579944534307	Marionette	WARN	TLS certificate errors will be ignored for this session
Jan 25, 2020 2:58:54 PM org.openqa.selenium.remote.ProtocolHandshake createSession
INFO: Detected dialect: W3C
JavaScript error: resource://gre/modules/XULStore.jsm, line 66: Error: Can't find profile directory.
JavaScript error: resource://gre/modules/XULStore.jsm, line 66: Error: Can't find profile directory.
1579944626512	Marionette	INFO	Stopped listening on port 37655
JavaScript error: , line 0: UnknownError: The operation failed for reasons unrelated to the database itself and not covered by any other error code.
]]></system-err>
</testsuite>
